◇ injected env (6) from .env // tip: ◈ secrets for agents [www.dotenvx.com]
Executing (default): SELECT name FROM sqlite_master WHERE type='table' AND name='Users';
Executing (default): CREATE TABLE IF NOT EXISTS `Users` (`id` INTEGER PRIMARY KEY AUTOINCREMENT, `name` VARCHAR(255) NOT NULL, `email` VARCHAR(255) NOT NULL UNIQUE, `password` VARCHAR(255) NOT NULL, `phone` VARCHAR(255), `address` TEXT, `role` VARCHAR(255) DEFAULT 'customer', `loyaltyPoints` INTEGER DEFAULT 0, `createdAt` DATETIME NOT NULL, `updatedAt` DATETIME NOT NULL);
Executing (default): PRAGMA INDEX_LIST(`Users`)
Executing (default): PRAGMA INDEX_INFO(`sqlite_autoindex_Users_1`)
Executing (default): SELECT name FROM sqlite_master WHERE type='table' AND name='Workers';
Executing (default): CREATE TABLE IF NOT EXISTS `Workers` (`id` INTEGER PRIMARY KEY AUTOINCREMENT, `experience` INTEGER, `skills` JSON DEFAULT '[]', `serviceAreas` JSON DEFAULT '[]', `isVerified` TINYINT(1) DEFAULT 0, `availability` TINYINT(1) DEFAULT 1, `availabilitySlots` JSON DEFAULT '[]', `profileImage` VARCHAR(255), `idDocument` VARCHAR(255), `ratings` FLOAT DEFAULT '0', `completedJobs` INTEGER DEFAULT 0, `trustScore` FLOAT DEFAULT '100', `commissionTier` INTEGER DEFAULT 1, `createdAt` DATETIME NOT NULL, `updatedAt` DATETIME NOT NULL, `userId` INTEGER REFERENCES `Users` (`id`) ON DELETE SET NULL ON UPDATE CASCADE);
Executing (default): PRAGMA INDEX_LIST(`Workers`)
Executing (default): SELECT name FROM sqlite_master WHERE type='table' AND name='Services';
Executing (default): CREATE TABLE IF NOT EXISTS `Services` (`id` INTEGER PRIMARY KEY AUTOINCREMENT, `name` VARCHAR(255) NOT NULL, `description` TEXT, `icon` VARCHAR(255), `startingPrice` FLOAT NOT NULL, `category` VARCHAR(255), `isFixedPrice` TINYINT(1) DEFAULT 1, `taxRate` FLOAT DEFAULT '0', `platformFee` FLOAT DEFAULT '0', `createdAt` DATETIME NOT NULL, `updatedAt` DATETIME NOT NULL);
Executing (default): PRAGMA INDEX_LIST(`Services`)
Executing (default): SELECT name FROM sqlite_master WHERE type='table' AND name='Bookings';
Executing (default): CREATE TABLE IF NOT EXISTS `Bookings` (`id` INTEGER PRIMARY KEY AUTOINCREMENT, `status` VARCHAR(255) DEFAULT 'requested', `bookingType` VARCHAR(255) DEFAULT 'instant', `address` TEXT NOT NULL, `phone` VARCHAR(255) NOT NULL, `preferredDateTime` DATETIME NOT NULL, `description` TEXT, `totalAmount` FLOAT, `taxAmount` FLOAT, `platformFee` FLOAT, `commissionAmount` FLOAT, `workerPayout` FLOAT, `warrantyDays` INTEGER DEFAULT 7, `isWarrantyValid` TINYINT(1) DEFAULT 1, `confidenceLevel` VARCHAR(255) DEFAULT 'high', `createdAt` DATETIME NOT NULL, `updatedAt` DATETIME NOT NULL, `customerId` INTEGER REFERENCES `Users` (`id`) ON DELETE SET NULL ON UPDATE CASCADE, `workerId` INTEGER REFERENCES `Workers` (`id`) ON DELETE SET NULL ON UPDATE CASCADE, `serviceId` INTEGER REFERENCES `Services` (`id`) ON DELETE SET NULL ON UPDATE CASCADE);
Executing (default): PRAGMA INDEX_LIST(`Bookings`)
Executing (default): SELECT name FROM sqlite_master WHERE type='table' AND name='Payments';
Executing (default): CREATE TABLE IF NOT EXISTS `Payments` (`id` INTEGER PRIMARY KEY AUTOINCREMENT, `amount` FLOAT NOT NULL, `method` VARCHAR(255) NOT NULL, `status` VARCHAR(255) DEFAULT 'pending', `transactionId` VARCHAR(255), `gateway` VARCHAR(255) DEFAULT 'razorpay', `createdAt` DATETIME NOT NULL, `updatedAt` DATETIME NOT NULL, `bookingId` INTEGER REFERENCES `Bookings` (`id`) ON DELETE SET NULL ON UPDATE CASCADE);
Executing (default): PRAGMA INDEX_LIST(`Payments`)
Executing (default): SELECT name FROM sqlite_master WHERE type='table' AND name='Reviews';
Executing (default): CREATE TABLE IF NOT EXISTS `Reviews` (`id` INTEGER PRIMARY KEY AUTOINCREMENT, `rating` INTEGER NOT NULL, `comment` TEXT, `createdAt` DATETIME NOT NULL, `updatedAt` DATETIME NOT NULL, `bookingId` INTEGER REFERENCES `Bookings` (`id`) ON DELETE SET NULL ON UPDATE CASCADE);
Executing (default): PRAGMA INDEX_LIST(`Reviews`)
Executing (default): SELECT name FROM sqlite_master WHERE type='table' AND name='Notifications';
Executing (default): CREATE TABLE IF NOT EXISTS `Notifications` (`id` INTEGER PRIMARY KEY AUTOINCREMENT, `message` TEXT NOT NULL, `read` TINYINT(1) DEFAULT 0, `type` VARCHAR(255), `createdAt` DATETIME NOT NULL, `updatedAt` DATETIME NOT NULL, `userId` INTEGER REFERENCES `Users` (`id`) ON DELETE SET NULL ON UPDATE CASCADE);
Executing (default): PRAGMA INDEX_LIST(`Notifications`)
Executing (default): SELECT name FROM sqlite_master WHERE type='table' AND name='Commissions';
Executing (default): CREATE TABLE IF NOT EXISTS `Commissions` (`id` INTEGER PRIMARY KEY AUTOINCREMENT, `percentage` FLOAT NOT NULL DEFAULT '15', `category` VARCHAR(255), `workerTier` INTEGER, `isActive` TINYINT(1) DEFAULT 1, `createdAt` DATETIME NOT NULL, `updatedAt` DATETIME NOT NULL);
Executing (default): PRAGMA INDEX_LIST(`Commissions`)
Executing (default): SELECT name FROM sqlite_master WHERE type='table' AND name='Warranties';
Executing (default): CREATE TABLE IF NOT EXISTS `Warranties` (`id` INTEGER PRIMARY KEY AUTOINCREMENT, `durationDays` INTEGER NOT NULL DEFAULT 7, `description` TEXT, `isActive` TINYINT(1) DEFAULT 1, `createdAt` DATETIME NOT NULL, `updatedAt` DATETIME NOT NULL);
Executing (default): PRAGMA INDEX_LIST(`Warranties`)
Executing (default): SELECT name FROM sqlite_master WHERE type='table' AND name='Payouts';
Executing (default): CREATE TABLE IF NOT EXISTS `Payouts` (`id` INTEGER PRIMARY KEY AUTOINCREMENT, `amount` FLOAT NOT NULL, `status` VARCHAR(255) DEFAULT 'pending', `transactionId` VARCHAR(255), `notes` TEXT, `createdAt` DATETIME NOT NULL, `updatedAt` DATETIME NOT NULL, `workerId` INTEGER REFERENCES `Workers` (`id`) ON DELETE SET NULL ON UPDATE CASCADE);
Executing (default): PRAGMA INDEX_LIST(`Payouts`)
Executing (default): SELECT name FROM sqlite_master WHERE type='table' AND name='Invoices';
Executing (default): CREATE TABLE IF NOT EXISTS `Invoices` (`id` INTEGER PRIMARY KEY AUTOINCREMENT, `invoiceNumber` VARCHAR(255) NOT NULL UNIQUE, `totalAmount` FLOAT NOT NULL, `taxAmount` FLOAT, `platformFee` FLOAT, `commissionAmount` FLOAT, `workerPayout` FLOAT, `isPaid` TINYINT(1) DEFAULT 0, `createdAt` DATETIME NOT NULL, `updatedAt` DATETIME NOT NULL, `bookingId` INTEGER REFERENCES `Bookings` (`id`) ON DELETE SET NULL ON UPDATE CASCADE);
Executing (default): PRAGMA INDEX_LIST(`Invoices`)
Executing (default): PRAGMA INDEX_INFO(`sqlite_autoindex_Invoices_1`)
Executing (default): SELECT name FROM sqlite_master WHERE type='table' AND name='Quotations';
Executing (default): CREATE TABLE IF NOT EXISTS `Quotations` (`id` INTEGER PRIMARY KEY AUTOINCREMENT, `status` VARCHAR(255) DEFAULT 'pending', `laborCharges` FLOAT DEFAULT '0', `partsCost` FLOAT DEFAULT '0', `totalAmount` FLOAT NOT NULL, `notes` TEXT, `itemizedPricing` JSON DEFAULT '[]', `createdAt` DATETIME NOT NULL, `updatedAt` DATETIME NOT NULL, `bookingId` INTEGER REFERENCES `Bookings` (`id`) ON DELETE SET NULL ON UPDATE CASCADE);
Executing (default): PRAGMA INDEX_LIST(`Quotations`)
Database synced
Executing (default): SELECT `id`, `percentage`, `category`, `workerTier`, `isActive`, `createdAt`, `updatedAt` FROM `Commissions` AS `Commission` WHERE `Commission`.`isActive` = 1 LIMIT 1;
Executing (default): INSERT INTO `Commissions` (`id`,`percentage`,`isActive`,`createdAt`,`updatedAt`) VALUES (NULL,$1,$2,$3,$4);
Executing (ae39b159-db93-4878-9ebd-7f335e87e71d): BEGIN DEFERRED TRANSACTION;
Executing (ae39b159-db93-4878-9ebd-7f335e87e71d): SELECT `id`, `name`, `description`, `icon`, `startingPrice`, `category`, `isFixedPrice`, `taxRate`, `platformFee`, `createdAt`, `updatedAt` FROM `Services` AS `Service` WHERE `Service`.`name` = 'Plumbing' LIMIT 1;
Executing (ae39b159-db93-4878-9ebd-7f335e87e71d): INSERT INTO `Services` (`id`,`name`,`description`,`icon`,`startingPrice`,`category`,`isFixedPrice`,`taxRate`,`platformFee`,`createdAt`,`updatedAt`) VALUES (NULL,$1,$2,$3,$4,$5,$6,$7,$8,$9,$10);
Executing (ae39b159-db93-4878-9ebd-7f335e87e71d): COMMIT;
Executing (8029534b-278a-4b24-8e0e-14402a84c405): BEGIN DEFERRED TRANSACTION;
Executing (8029534b-278a-4b24-8e0e-14402a84c405): SELECT `id`, `name`, `description`, `icon`, `startingPrice`, `category`, `isFixedPrice`, `taxRate`, `platformFee`, `createdAt`, `updatedAt` FROM `Services` AS `Service` WHERE `Service`.`name` = 'Electrical' LIMIT 1;
Executing (8029534b-278a-4b24-8e0e-14402a84c405): INSERT INTO `Services` (`id`,`name`,`description`,`icon`,`startingPrice`,`category`,`isFixedPrice`,`taxRate`,`platformFee`,`createdAt`,`updatedAt`) VALUES (NULL,$1,$2,$3,$4,$5,$6,$7,$8,$9,$10);
Executing (8029534b-278a-4b24-8e0e-14402a84c405): COMMIT;
Executing (bfb681d7-8de0-4d19-8960-eaf233486c72): BEGIN DEFERRED TRANSACTION;
Executing (bfb681d7-8de0-4d19-8960-eaf233486c72): SELECT `id`, `name`, `description`, `icon`, `startingPrice`, `category`, `isFixedPrice`, `taxRate`, `platformFee`, `createdAt`, `updatedAt` FROM `Services` AS `Service` WHERE `Service`.`name` = 'Cleaning' LIMIT 1;
Executing (bfb681d7-8de0-4d19-8960-eaf233486c72): INSERT INTO `Services` (`id`,`name`,`description`,`icon`,`startingPrice`,`category`,`isFixedPrice`,`taxRate`,`platformFee`,`createdAt`,`updatedAt`) VALUES (NULL,$1,$2,$3,$4,$5,$6,$7,$8,$9,$10);
Executing (bfb681d7-8de0-4d19-8960-eaf233486c72): COMMIT;
Executing (f7a6832b-0c40-4aa5-9c0d-337221591264): BEGIN DEFERRED TRANSACTION;
Executing (f7a6832b-0c40-4aa5-9c0d-337221591264): SELECT `id`, `name`, `description`, `icon`, `startingPrice`, `category`, `isFixedPrice`, `taxRate`, `platformFee`, `createdAt`, `updatedAt` FROM `Services` AS `Service` WHERE `Service`.`name` = 'Drivers' LIMIT 1;
Executing (f7a6832b-0c40-4aa5-9c0d-337221591264): INSERT INTO `Services` (`id`,`name`,`description`,`icon`,`startingPrice`,`category`,`isFixedPrice`,`taxRate`,`platformFee`,`createdAt`,`updatedAt`) VALUES (NULL,$1,$2,$3,$4,$5,$6,$7,$8,$9,$10);
Executing (f7a6832b-0c40-4aa5-9c0d-337221591264): COMMIT;
Executing (c0c915d4-277a-45e2-b66c-42ddb1db2279): BEGIN DEFERRED TRANSACTION;
Executing (c0c915d4-277a-45e2-b66c-42ddb1db2279): SELECT `id`, `name`, `description`, `icon`, `startingPrice`, `category`, `isFixedPrice`, `taxRate`, `platformFee`, `createdAt`, `updatedAt` FROM `Services` AS `Service` WHERE `Service`.`name` = 'Home Repair' LIMIT 1;
Executing (c0c915d4-277a-45e2-b66c-42ddb1db2279): INSERT INTO `Services` (`id`,`name`,`description`,`icon`,`startingPrice`,`category`,`isFixedPrice`,`taxRate`,`platformFee`,`createdAt`,`updatedAt`) VALUES (NULL,$1,$2,$3,$4,$5,$6,$7,$8,$9,$10);
Executing (c0c915d4-277a-45e2-b66c-42ddb1db2279): COMMIT;
Executing (a04e541d-066e-414b-a8df-fe194bfc12ba): BEGIN DEFERRED TRANSACTION;
Executing (a04e541d-066e-414b-a8df-fe194bfc12ba): SELECT `id`, `name`, `description`, `icon`, `startingPrice`, `category`, `isFixedPrice`, `taxRate`, `platformFee`, `createdAt`, `updatedAt` FROM `Services` AS `Service` WHERE `Service`.`name` = 'AC Service' LIMIT 1;
Executing (a04e541d-066e-414b-a8df-fe194bfc12ba): INSERT INTO `Services` (`id`,`name`,`description`,`icon`,`startingPrice`,`category`,`isFixedPrice`,`taxRate`,`platformFee`,`createdAt`,`updatedAt`) VALUES (NULL,$1,$2,$3,$4,$5,$6,$7,$8,$9,$10);
Executing (a04e541d-066e-414b-a8df-fe194bfc12ba): COMMIT;
Executing (189f4a10-262e-46a7-b56c-cfbc504cc249): BEGIN DEFERRED TRANSACTION;
Executing (189f4a10-262e-46a7-b56c-cfbc504cc249): SELECT `id`, `name`, `description`, `icon`, `startingPrice`, `category`, `isFixedPrice`, `taxRate`, `platformFee`, `createdAt`, `updatedAt` FROM `Services` AS `Service` WHERE `Service`.`name` = 'Painting' LIMIT 1;
Executing (189f4a10-262e-46a7-b56c-cfbc504cc249): INSERT INTO `Services` (`id`,`name`,`description`,`icon`,`startingPrice`,`category`,`isFixedPrice`,`taxRate`,`platformFee`,`createdAt`,`updatedAt`) VALUES (NULL,$1,$2,$3,$4,$5,$6,$7,$8,$9,$10);
Executing (189f4a10-262e-46a7-b56c-cfbc504cc249): COMMIT;
Executing (c99de439-0ac9-4c1b-9765-f4871ccee3f0): BEGIN DEFERRED TRANSACTION;
Executing (c99de439-0ac9-4c1b-9765-f4871ccee3f0): SELECT `id`, `name`, `description`, `icon`, `startingPrice`, `category`, `isFixedPrice`, `taxRate`, `platformFee`, `createdAt`, `updatedAt` FROM `Services` AS `Service` WHERE `Service`.`name` = 'Cooking' LIMIT 1;
Executing (c99de439-0ac9-4c1b-9765-f4871ccee3f0): INSERT INTO `Services` (`id`,`name`,`description`,`icon`,`startingPrice`,`category`,`isFixedPrice`,`taxRate`,`platformFee`,`createdAt`,`updatedAt`) VALUES (NULL,$1,$2,$3,$4,$5,$6,$7,$8,$9,$10);
Executing (c99de439-0ac9-4c1b-9765-f4871ccee3f0): COMMIT;
Services seeded
Executing (default): SELECT `id`, `name`, `email`, `password`, `phone`, `address`, `role`, `loyaltyPoints`, `createdAt`, `updatedAt` FROM `Users` AS `User` WHERE `User`.`email` = 'admin@skilllink.com';
Executing (default): INSERT INTO `Users` (`id`,`name`,`email`,`password`,`phone`,`role`,`loyaltyPoints`,`createdAt`,`updatedAt`) VALUES (NULL,$1,$2,$3,$4,$5,$6,$7,$8);
Executing (default): INSERT INTO `Users` (`id`,`name`,`email`,`password`,`phone`,`address`,`role`,`loyaltyPoints`,`createdAt`,`updatedAt`) VALUES (NULL,$1,$2,$3,$4,$5,$6,$7,$8,$9);
Executing (default): INSERT INTO `Users` (`id`,`name`,`email`,`password`,`phone`,`address`,`role`,`loyaltyPoints`,`createdAt`,`updatedAt`) VALUES (NULL,$1,$2,$3,$4,$5,$6,$7,$8,$9);
Executing (default): INSERT INTO `Workers` (`id`,`experience`,`skills`,`serviceAreas`,`isVerified`,`availability`,`availabilitySlots`,`ratings`,`completedJobs`,`trustScore`,`commissionTier`,`createdAt`,`updatedAt`,`userId`) VALUES (NULL,$1,$2,$3,$4,$5,$6,$7,$8,$9,$10,$11,$12,$13);
Test accounts created!
Admin: admin@skilllink.com / admin123
Customer: customer@skilllink.com / customer123
Worker: worker@skilllink.com / worker123
Server running on port 5001
