◇ injected env (5) from .env // tip: ◈ encrypted .env [www.dotenvx.com]
Executing (default): SELECT name FROM sqlite_master WHERE type='table' AND name='Users';
Executing (default): CREATE TABLE IF NOT EXISTS `Users` (`id` INTEGER PRIMARY KEY AUTOINCREMENT, `name` VARCHAR(255) NOT NULL, `email` VARCHAR(255) NOT NULL UNIQUE, `password` VARCHAR(255) NOT NULL, `phone` VARCHAR(255), `address` TEXT, `role` VARCHAR(255) DEFAULT 'customer', `createdAt` DATETIME NOT NULL, `updatedAt` DATETIME NOT NULL);
Executing (default): PRAGMA INDEX_LIST(`Users`)
Executing (default): PRAGMA INDEX_INFO(`sqlite_autoindex_Users_1`)
Executing (default): SELECT name FROM sqlite_master WHERE type='table' AND name='Workers';
Executing (default): CREATE TABLE IF NOT EXISTS `Workers` (`id` INTEGER PRIMARY KEY AUTOINCREMENT, `experience` INTEGER, `skills` JSON DEFAULT '[]', `serviceAreas` JSON DEFAULT '[]', `isVerified` TINYINT(1) DEFAULT 0, `availability` TINYINT(1) DEFAULT 1, `availabilitySlots` JSON DEFAULT '[]', `profileImage` VARCHAR(255), `idDocument` VARCHAR(255), `ratings` FLOAT DEFAULT '0', `completedJobs` INTEGER DEFAULT 0, `createdAt` DATETIME NOT NULL, `updatedAt` DATETIME NOT NULL, `userId` INTEGER REFERENCES `Users` (`id`) ON DELETE SET NULL ON UPDATE CASCADE);
Executing (default): PRAGMA INDEX_LIST(`Workers`)
Executing (default): SELECT name FROM sqlite_master WHERE type='table' AND name='Services';
Executing (default): CREATE TABLE IF NOT EXISTS `Services` (`id` INTEGER PRIMARY KEY AUTOINCREMENT, `name` VARCHAR(255) NOT NULL, `description` TEXT, `icon` VARCHAR(255), `startingPrice` FLOAT NOT NULL, `category` VARCHAR(255), `createdAt` DATETIME NOT NULL, `updatedAt` DATETIME NOT NULL);
Executing (default): PRAGMA INDEX_LIST(`Services`)
Executing (default): SELECT name FROM sqlite_master WHERE type='table' AND name='Bookings';
Executing (default): CREATE TABLE IF NOT EXISTS `Bookings` (`id` INTEGER PRIMARY KEY AUTOINCREMENT, `status` VARCHAR(255) DEFAULT 'pending', `address` TEXT NOT NULL, `phone` VARCHAR(255) NOT NULL, `preferredDateTime` DATETIME NOT NULL, `description` TEXT, `totalAmount` FLOAT, `createdAt` DATETIME NOT NULL, `updatedAt` DATETIME NOT NULL, `customerId` INTEGER REFERENCES `Users` (`id`) ON DELETE SET NULL ON UPDATE CASCADE, `workerId` INTEGER REFERENCES `Workers` (`id`) ON DELETE SET NULL ON UPDATE CASCADE, `serviceId` INTEGER REFERENCES `Services` (`id`) ON DELETE SET NULL ON UPDATE CASCADE);
Executing (default): PRAGMA INDEX_LIST(`Bookings`)
Executing (default): SELECT name FROM sqlite_master WHERE type='table' AND name='Payments';
Executing (default): CREATE TABLE IF NOT EXISTS `Payments` (`id` INTEGER PRIMARY KEY AUTOINCREMENT, `amount` FLOAT NOT NULL, `method` VARCHAR(255) NOT NULL, `status` VARCHAR(255) DEFAULT 'pending', `transactionId` VARCHAR(255), `createdAt` DATETIME NOT NULL, `updatedAt` DATETIME NOT NULL, `bookingId` INTEGER REFERENCES `Bookings` (`id`) ON DELETE SET NULL ON UPDATE CASCADE);
Executing (default): PRAGMA INDEX_LIST(`Payments`)
Executing (default): SELECT name FROM sqlite_master WHERE type='table' AND name='Reviews';
Executing (default): CREATE TABLE IF NOT EXISTS `Reviews` (`id` INTEGER PRIMARY KEY AUTOINCREMENT, `rating` INTEGER NOT NULL, `comment` TEXT, `createdAt` DATETIME NOT NULL, `updatedAt` DATETIME NOT NULL, `bookingId` INTEGER REFERENCES `Bookings` (`id`) ON DELETE SET NULL ON UPDATE CASCADE);
Executing (default): PRAGMA INDEX_LIST(`Reviews`)
Executing (default): SELECT name FROM sqlite_master WHERE type='table' AND name='Notifications';
Executing (default): CREATE TABLE IF NOT EXISTS `Notifications` (`id` INTEGER PRIMARY KEY AUTOINCREMENT, `message` TEXT NOT NULL, `read` TINYINT(1) DEFAULT 0, `type` VARCHAR(255), `createdAt` DATETIME NOT NULL, `updatedAt` DATETIME NOT NULL, `userId` INTEGER REFERENCES `Users` (`id`) ON DELETE SET NULL ON UPDATE CASCADE);
Executing (default): PRAGMA INDEX_LIST(`Notifications`)
Database synced
Executing (0617b33b-eef8-4fa5-b6b4-8a85a7d5dd39): BEGIN DEFERRED TRANSACTION;
Executing (0617b33b-eef8-4fa5-b6b4-8a85a7d5dd39): SELECT `id`, `name`, `description`, `icon`, `startingPrice`, `category`, `createdAt`, `updatedAt` FROM `Services` AS `Service` WHERE `Service`.`name` = 'Plumbing' LIMIT 1;
Executing (0617b33b-eef8-4fa5-b6b4-8a85a7d5dd39): INSERT INTO `Services` (`id`,`name`,`description`,`icon`,`startingPrice`,`category`,`createdAt`,`updatedAt`) VALUES (NULL,$1,$2,$3,$4,$5,$6,$7);
Executing (0617b33b-eef8-4fa5-b6b4-8a85a7d5dd39): COMMIT;
Executing (4a76456e-3f7a-42bb-b22e-6f91862a6b60): BEGIN DEFERRED TRANSACTION;
Executing (4a76456e-3f7a-42bb-b22e-6f91862a6b60): SELECT `id`, `name`, `description`, `icon`, `startingPrice`, `category`, `createdAt`, `updatedAt` FROM `Services` AS `Service` WHERE `Service`.`name` = 'Electrical' LIMIT 1;
Executing (4a76456e-3f7a-42bb-b22e-6f91862a6b60): INSERT INTO `Services` (`id`,`name`,`description`,`icon`,`startingPrice`,`category`,`createdAt`,`updatedAt`) VALUES (NULL,$1,$2,$3,$4,$5,$6,$7);
Executing (4a76456e-3f7a-42bb-b22e-6f91862a6b60): COMMIT;
Executing (1ac79524-4614-46f1-b6d6-a0b867bcbef4): BEGIN DEFERRED TRANSACTION;
Executing (1ac79524-4614-46f1-b6d6-a0b867bcbef4): SELECT `id`, `name`, `description`, `icon`, `startingPrice`, `category`, `createdAt`, `updatedAt` FROM `Services` AS `Service` WHERE `Service`.`name` = 'Cleaning' LIMIT 1;
Executing (1ac79524-4614-46f1-b6d6-a0b867bcbef4): INSERT INTO `Services` (`id`,`name`,`description`,`icon`,`startingPrice`,`category`,`createdAt`,`updatedAt`) VALUES (NULL,$1,$2,$3,$4,$5,$6,$7);
Executing (1ac79524-4614-46f1-b6d6-a0b867bcbef4): COMMIT;
Executing (47234af0-0af4-4b53-8025-4864280bb2f7): BEGIN DEFERRED TRANSACTION;
Executing (47234af0-0af4-4b53-8025-4864280bb2f7): SELECT `id`, `name`, `description`, `icon`, `startingPrice`, `category`, `createdAt`, `updatedAt` FROM `Services` AS `Service` WHERE `Service`.`name` = 'Drivers' LIMIT 1;
Executing (47234af0-0af4-4b53-8025-4864280bb2f7): INSERT INTO `Services` (`id`,`name`,`description`,`icon`,`startingPrice`,`category`,`createdAt`,`updatedAt`) VALUES (NULL,$1,$2,$3,$4,$5,$6,$7);
Executing (47234af0-0af4-4b53-8025-4864280bb2f7): COMMIT;
Executing (f37a456d-61c4-47e1-9f92-0611ced3d297): BEGIN DEFERRED TRANSACTION;
Executing (f37a456d-61c4-47e1-9f92-0611ced3d297): SELECT `id`, `name`, `description`, `icon`, `startingPrice`, `category`, `createdAt`, `updatedAt` FROM `Services` AS `Service` WHERE `Service`.`name` = 'Home Repair' LIMIT 1;
Executing (f37a456d-61c4-47e1-9f92-0611ced3d297): INSERT INTO `Services` (`id`,`name`,`description`,`icon`,`startingPrice`,`category`,`createdAt`,`updatedAt`) VALUES (NULL,$1,$2,$3,$4,$5,$6,$7);
Executing (f37a456d-61c4-47e1-9f92-0611ced3d297): COMMIT;
Executing (7682224f-8b23-4d34-bdeb-3804bdad61df): BEGIN DEFERRED TRANSACTION;
Executing (7682224f-8b23-4d34-bdeb-3804bdad61df): SELECT `id`, `name`, `description`, `icon`, `startingPrice`, `category`, `createdAt`, `updatedAt` FROM `Services` AS `Service` WHERE `Service`.`name` = 'AC Service' LIMIT 1;
Executing (7682224f-8b23-4d34-bdeb-3804bdad61df): INSERT INTO `Services` (`id`,`name`,`description`,`icon`,`startingPrice`,`category`,`createdAt`,`updatedAt`) VALUES (NULL,$1,$2,$3,$4,$5,$6,$7);
Executing (7682224f-8b23-4d34-bdeb-3804bdad61df): COMMIT;
Executing (62d123e0-3e39-4080-87ff-3ba3bde3e5d9): BEGIN DEFERRED TRANSACTION;
Executing (62d123e0-3e39-4080-87ff-3ba3bde3e5d9): SELECT `id`, `name`, `description`, `icon`, `startingPrice`, `category`, `createdAt`, `updatedAt` FROM `Services` AS `Service` WHERE `Service`.`name` = 'Painting' LIMIT 1;
Executing (62d123e0-3e39-4080-87ff-3ba3bde3e5d9): INSERT INTO `Services` (`id`,`name`,`description`,`icon`,`startingPrice`,`category`,`createdAt`,`updatedAt`) VALUES (NULL,$1,$2,$3,$4,$5,$6,$7);
Executing (62d123e0-3e39-4080-87ff-3ba3bde3e5d9): COMMIT;
Executing (63dbeb4f-f3b0-4a41-aec0-77f2acbcab9a): BEGIN DEFERRED TRANSACTION;
Executing (63dbeb4f-f3b0-4a41-aec0-77f2acbcab9a): SELECT `id`, `name`, `description`, `icon`, `startingPrice`, `category`, `createdAt`, `updatedAt` FROM `Services` AS `Service` WHERE `Service`.`name` = 'Cooking' LIMIT 1;
Executing (63dbeb4f-f3b0-4a41-aec0-77f2acbcab9a): INSERT INTO `Services` (`id`,`name`,`description`,`icon`,`startingPrice`,`category`,`createdAt`,`updatedAt`) VALUES (NULL,$1,$2,$3,$4,$5,$6,$7);
Executing (63dbeb4f-f3b0-4a41-aec0-77f2acbcab9a): COMMIT;
Services seeded
Server running on port 5001
